{"/home/adri/PracticasIV/app.js":{"path":"/home/adri/PracticasIV/app.js","s":{"1":1,"2":1,"3":1,"4":1,"5":1,"6":1,"7":1,"8":1,"9":1,"10":1,"11":1,"12":1,"13":1,"14":1,"15":0,"16":0,"17":1,"18":1,"19":1,"20":1,"21":1,"22":1,"23":0,"24":1,"25":1,"26":1,"27":1,"28":1,"29":0,"30":0,"31":1},"b":{"1":[1,1],"2":[0,1]},"f":{"1":1,"2":1,"3":0,"4":1,"5":1,"6":0,"7":1},"fnMap":{"1":{"name":"(anonymous_1)","line":15,"loc":{"start":{"line":15,"column":13},"end":{"line":15,"column":31}}},"2":{"name":"(anonymous_2)","line":21,"loc":{"start":{"line":21,"column":19},"end":{"line":21,"column":37}}},"3":{"name":"(anonymous_3)","line":27,"loc":{"start":{"line":27,"column":21},"end":{"line":27,"column":39}}},"4":{"name":"(anonymous_4)","line":35,"loc":{"start":{"line":35,"column":22},"end":{"line":35,"column":40}}},"5":{"name":"(anonymous_5)","line":40,"loc":{"start":{"line":40,"column":25},"end":{"line":40,"column":43}}},"6":{"name":"(anonymous_6)","line":46,"loc":{"start":{"line":46,"column":35},"end":{"line":46,"column":53}}},"7":{"name":"(anonymous_7)","line":53,"loc":{"start":{"line":53,"column":83},"end":{"line":53,"column":101}}}},"statementMap":{"1":{"start":{"line":2,"column":0},"end":{"line":2,"column":33}},"2":{"start":{"line":3,"column":0},"end":{"line":3,"column":20}},"3":{"start":{"line":4,"column":0},"end":{"line":4,"column":34}},"4":{"start":{"line":5,"column":0},"end":{"line":5,"column":47}},"5":{"start":{"line":8,"column":0},"end":{"line":8,"column":48}},"6":{"start":{"line":9,"column":0},"end":{"line":9,"column":26}},"7":{"start":{"line":12,"column":0},"end":{"line":12,"column":22}},"8":{"start":{"line":15,"column":0},"end":{"line":18,"column":3}},"9":{"start":{"line":16,"column":2},"end":{"line":16,"column":42}},"10":{"start":{"line":17,"column":2},"end":{"line":17,"column":21}},"11":{"start":{"line":21,"column":0},"end":{"line":24,"column":3}},"12":{"start":{"line":22,"column":2},"end":{"line":22,"column":34}},"13":{"start":{"line":23,"column":2},"end":{"line":23,"column":21}},"14":{"start":{"line":27,"column":0},"end":{"line":32,"column":3}},"15":{"start":{"line":28,"column":2},"end":{"line":28,"column":21}},"16":{"start":{"line":29,"column":2},"end":{"line":31,"column":67}},"17":{"start":{"line":35,"column":0},"end":{"line":37,"column":3}},"18":{"start":{"line":36,"column":2},"end":{"line":36,"column":22}},"19":{"start":{"line":40,"column":0},"end":{"line":43,"column":3}},"20":{"start":{"line":41,"column":2},"end":{"line":41,"column":17}},"21":{"start":{"line":42,"column":2},"end":{"line":42,"column":22}},"22":{"start":{"line":46,"column":0},"end":{"line":50,"column":3}},"23":{"start":{"line":47,"column":2},"end":{"line":49,"column":68}},"24":{"start":{"line":53,"column":0},"end":{"line":60,"column":3}},"25":{"start":{"line":54,"column":2},"end":{"line":57,"column":30}},"26":{"start":{"line":58,"column":2},"end":{"line":58,"column":31}},"27":{"start":{"line":59,"column":2},"end":{"line":59,"column":25}},"28":{"start":{"line":62,"column":0},"end":{"line":65,"column":1}},"29":{"start":{"line":63,"column":2},"end":{"line":63,"column":19}},"30":{"start":{"line":64,"column":2},"end":{"line":64,"column":66}},"31":{"start":{"line":67,"column":0},"end":{"line":67,"column":21}}},"branchMap":{"1":{"line":4,"type":"binary-expr","locations":[{"start":{"line":4,"column":11},"end":{"line":4,"column":27}},{"start":{"line":4,"column":31},"end":{"line":4,"column":33}}]},"2":{"line":62,"type":"if","locations":[{"start":{"line":62,"column":0},"end":{"line":62,"column":0}},{"start":{"line":62,"column":0},"end":{"line":62,"column":0}}]}}},"/home/adri/PracticasIV/api/models/exercise.js":{"path":"/home/adri/PracticasIV/api/models/exercise.js","s":{"1":1,"2":1,"3":3,"4":3,"5":3,"6":3,"7":3,"8":3,"9":1,"10":0,"11":0,"12":0,"13":1,"14":0,"15":0,"16":1,"17":2,"18":1},"b":{},"f":{"1":3,"2":0,"3":0,"4":0,"5":1,"6":0,"7":0,"8":2},"fnMap":{"1":{"name":"Exercise","line":13,"loc":{"start":{"line":13,"column":0},"end":{"line":13,"column":25}}},"2":{"name":"(anonymous_2)","line":24,"loc":{"start":{"line":24,"column":13},"end":{"line":24,"column":20}}},"3":{"name":"(anonymous_3)","line":28,"loc":{"start":{"line":28,"column":27},"end":{"line":28,"column":35}}},"4":{"name":"(anonymous_4)","line":32,"loc":{"start":{"line":32,"column":26},"end":{"line":32,"column":34}}},"5":{"name":"(anonymous_5)","line":36,"loc":{"start":{"line":36,"column":21},"end":{"line":36,"column":29}}},"6":{"name":"(anonymous_6)","line":40,"loc":{"start":{"line":40,"column":20},"end":{"line":40,"column":28}}},"7":{"name":"(anonymous_7)","line":44,"loc":{"start":{"line":44,"column":15},"end":{"line":44,"column":23}}},"8":{"name":"exerciseToString","line":50,"loc":{"start":{"line":50,"column":31},"end":{"line":50,"column":58}}}},"statementMap":{"1":{"start":{"line":4,"column":0},"end":{"line":11,"column":2}},"2":{"start":{"line":13,"column":0},"end":{"line":20,"column":1}},"3":{"start":{"line":14,"column":2},"end":{"line":14,"column":26}},"4":{"start":{"line":15,"column":2},"end":{"line":15,"column":56}},"5":{"start":{"line":16,"column":2},"end":{"line":16,"column":54}},"6":{"start":{"line":17,"column":2},"end":{"line":17,"column":44}},"7":{"start":{"line":18,"column":2},"end":{"line":18,"column":40}},"8":{"start":{"line":19,"column":2},"end":{"line":19,"column":30}},"9":{"start":{"line":23,"column":0},"end":{"line":47,"column":2}},"10":{"start":{"line":25,"column":4},"end":{"line":25,"column":21}},"11":{"start":{"line":29,"column":4},"end":{"line":29,"column":37}},"12":{"start":{"line":33,"column":4},"end":{"line":33,"column":36}},"13":{"start":{"line":37,"column":4},"end":{"line":37,"column":31}},"14":{"start":{"line":41,"column":4},"end":{"line":41,"column":29}},"15":{"start":{"line":45,"column":4},"end":{"line":45,"column":24}},"16":{"start":{"line":50,"column":0},"end":{"line":53,"column":2}},"17":{"start":{"line":51,"column":2},"end":{"line":52,"column":41}},"18":{"start":{"line":55,"column":0},"end":{"line":57,"column":2}}},"branchMap":{}}}