TN:
SF:/home/adrianmorente/PracticasIV/app.js
FN:17,(anonymous_1)
FN:23,(anonymous_2)
FN:29,(anonymous_3)
FN:37,(anonymous_4)
FN:42,(anonymous_5)
FN:48,(anonymous_6)
FN:55,(anonymous_7)
FNF:7
FNH:5
FNDA:1,(anonymous_1)
FNDA:1,(anonymous_2)
FNDA:0,(anonymous_3)
FNDA:1,(anonymous_4)
FNDA:1,(anonymous_5)
FNDA:0,(anonymous_6)
FNDA:1,(anonymous_7)
DA:2,1
DA:3,1
DA:5,1
DA:6,1
DA:7,1
DA:10,1
DA:11,1
DA:14,1
DA:17,1
DA:18,1
DA:19,1
DA:23,1
DA:24,1
DA:25,1
DA:29,1
DA:30,0
DA:31,0
DA:37,1
DA:38,1
DA:42,1
DA:43,1
DA:44,1
DA:48,1
DA:49,0
DA:55,1
DA:56,1
DA:60,1
DA:61,1
DA:64,1
DA:65,0
DA:66,0
DA:69,1
LF:32
LH:27
BRDA:6,1,0,1
BRDA:6,1,1,1
BRDA:64,2,0,0
BRDA:64,2,1,1
BRF:4
BRH:3
end_of_record
TN:
SF:/home/adrianmorente/PracticasIV/api/models/exercise.js
FN:13,Exercise
FN:24,(anonymous_2)
FN:28,(anonymous_3)
FN:32,(anonymous_4)
FN:36,(anonymous_5)
FN:40,(anonymous_6)
FN:44,(anonymous_7)
FN:50,exerciseToString
FNF:8
FNH:3
FNDA:3,Exercise
FNDA:0,(anonymous_2)
FNDA:0,(anonymous_3)
FNDA:0,(anonymous_4)
FNDA:1,(anonymous_5)
FNDA:0,(anonymous_6)
FNDA:0,(anonymous_7)
FNDA:2,exerciseToString
DA:4,1
DA:13,1
DA:14,3
DA:15,3
DA:16,3
DA:17,3
DA:18,3
DA:19,3
DA:23,1
DA:25,0
DA:29,0
DA:33,0
DA:37,1
DA:41,0
DA:45,0
DA:50,1
DA:51,2
DA:55,1
LF:18
LH:13
BRF:0
BRH:0
end_of_record
