TN:
SF:/home/adrianmorente/PracticasIV/app.js
FN:15,(anonymous_1)
FN:21,(anonymous_2)
FN:27,(anonymous_3)
FN:35,(anonymous_4)
FN:40,(anonymous_5)
FN:46,(anonymous_6)
FN:53,(anonymous_7)
FNF:7
FNH:5
FNDA:1,(anonymous_1)
FNDA:1,(anonymous_2)
FNDA:0,(anonymous_3)
FNDA:1,(anonymous_4)
FNDA:1,(anonymous_5)
FNDA:0,(anonymous_6)
FNDA:1,(anonymous_7)
DA:2,1
DA:3,1
DA:4,1
DA:5,1
DA:8,1
DA:9,1
DA:12,1
DA:15,1
DA:16,1
DA:17,1
DA:21,1
DA:22,1
DA:23,1
DA:27,1
DA:28,0
DA:29,0
DA:35,1
DA:36,1
DA:40,1
DA:41,1
DA:42,1
DA:46,1
DA:47,0
DA:53,1
DA:54,1
DA:58,1
DA:59,1
DA:62,1
DA:63,0
DA:64,0
DA:67,1
LF:31
LH:26
BRDA:4,1,0,1
BRDA:4,1,1,1
BRDA:62,2,0,0
BRDA:62,2,1,1
BRF:4
BRH:3
end_of_record
TN:
SF:/home/adrianmorente/PracticasIV/api/models/exercise.js
FN:13,Exercise
FN:24,(anonymous_2)
FN:28,(anonymous_3)
FN:32,(anonymous_4)
FN:36,(anonymous_5)
FN:40,(anonymous_6)
FN:44,(anonymous_7)
FN:50,exerciseToString
FNF:8
FNH:3
FNDA:3,Exercise
FNDA:0,(anonymous_2)
FNDA:0,(anonymous_3)
FNDA:0,(anonymous_4)
FNDA:1,(anonymous_5)
FNDA:0,(anonymous_6)
FNDA:0,(anonymous_7)
FNDA:2,exerciseToString
DA:4,1
DA:13,1
DA:14,3
DA:15,3
DA:16,3
DA:17,3
DA:18,3
DA:19,3
DA:23,1
DA:25,0
DA:29,0
DA:33,0
DA:37,1
DA:41,0
DA:45,0
DA:50,1
DA:51,2
DA:55,1
LF:18
LH:13
BRF:0
BRH:0
end_of_record
